<?xml version="1.0" encoding="UTF-8"?>
<!-- Generated by org.testng.reporters.JUnitXMLReporter -->
<testsuite ignored="0" hostname="MUSTHAQ-PC" failures="0" tests="4" name="Default test" time="27.661" errors="0" timestamp="2022-06-22T16:27:19 IST">
  <testcase classname="loginTestCases.loginClass" name="loginWithBothCorrect" time="17.457"/>
  <testcase classname="loginTestCases.loginClass" name="loginWithBothCorrect" time="1.759"/>
  <testcase classname="loginTestCases.loginClass" name="loginWithBothCorrect" time="2.857"/>
  <testcase classname="loginTestCases.loginClass" name="loginWithBothCorrect" time="2.423"/>
</testsuite> <!-- Default test -->
