<?xml version="1.0" encoding="UTF-8"?>
<testng-results ignored="0" total="4" passed="4" failed="0" skipped="0">
  <reporter-output>
  </reporter-output>
  <suite started-at="2022-06-22T16:26:51 IST" name="Default suite" finished-at="2022-06-22T16:27:19 IST" duration-ms="27661">
    <groups>
    </groups>
    <test started-at="2022-06-22T16:26:51 IST" name="Default test" finished-at="2022-06-22T16:27:19 IST" duration-ms="27661">
      <class name="loginTestCases.loginClass">
        <test-method is-config="true" signature="OpenChrome()[pri:0, instance:loginTestCases.loginClass@9225652]" started-at="2022-06-22T16:26:51 IST" name="OpenChrome" finished-at="2022-06-22T16:26:54 IST" duration-ms="2782" status="PASS">
          <reporter-output>
          </reporter-output>
        </test-method> <!-- OpenChrome -->
        <test-method signature="loginWithBothCorrect(java.lang.String,java.lang.String)[pri:0, instance:loginTestCases.loginClass@9225652]" started-at="2022-06-22T16:26:54 IST" name="loginWithBothCorrect" data-provider="loginData" finished-at="2022-06-22T16:27:12 IST" duration-ms="17457" status="PASS">
          <params>
            <param index="0">
              <value>
                <![CDATA[Admin]]>
              </value>
            </param>
            <param index="1">
              <value>
                <![CDATA[admin123]]>
              </value>
            </param>
          </params>
          <reporter-output>
          </reporter-output>
        </test-method> <!-- loginWithBothCorrect -->
        <test-method signature="loginWithBothCorrect(java.lang.String,java.lang.String)[pri:0, instance:loginTestCases.loginClass@9225652]" started-at="2022-06-22T16:27:12 IST" name="loginWithBothCorrect" data-provider="loginData" finished-at="2022-06-22T16:27:13 IST" duration-ms="1759" status="PASS">
          <params>
            <param index="0">
              <value>
                <![CDATA[Admin]]>
              </value>
            </param>
            <param index="1">
              <value>
                <![CDATA[dummy]]>
              </value>
            </param>
          </params>
          <reporter-output>
          </reporter-output>
        </test-method> <!-- loginWithBothCorrect -->
        <test-method signature="loginWithBothCorrect(java.lang.String,java.lang.String)[pri:0, instance:loginTestCases.loginClass@9225652]" started-at="2022-06-22T16:27:13 IST" name="loginWithBothCorrect" data-provider="loginData" finished-at="2022-06-22T16:27:16 IST" duration-ms="2857" status="PASS">
          <params>
            <param index="0">
              <value>
                <![CDATA[dummy]]>
              </value>
            </param>
            <param index="1">
              <value>
                <![CDATA[admin123]]>
              </value>
            </param>
          </params>
          <reporter-output>
          </reporter-output>
        </test-method> <!-- loginWithBothCorrect -->
        <test-method signature="loginWithBothCorrect(java.lang.String,java.lang.String)[pri:0, instance:loginTestCases.loginClass@9225652]" started-at="2022-06-22T16:27:16 IST" name="loginWithBothCorrect" data-provider="loginData" finished-at="2022-06-22T16:27:19 IST" duration-ms="2423" status="PASS">
          <params>
            <param index="0">
              <value>
                <![CDATA[dummy]]>
              </value>
            </param>
            <param index="1">
              <value>
                <![CDATA[dummy]]>
              </value>
            </param>
          </params>
          <reporter-output>
          </reporter-output>
        </test-method> <!-- loginWithBothCorrect -->
        <test-method is-config="true" signature="closeBrowser()[pri:0, instance:loginTestCases.loginClass@9225652]" started-at="2022-06-22T16:27:19 IST" name="closeBrowser" finished-at="2022-06-22T16:27:19 IST" duration-ms="268" status="PASS">
          <reporter-output>
          </reporter-output>
        </test-method> <!-- closeBrowser -->
      </class> <!-- loginTestCases.loginClass -->
    </test> <!-- Default test -->
  </suite> <!-- Default suite -->
</testng-results>
