<?xml version="1.0" encoding="UTF-8"?>
<!-- Generated by org.testng.reporters.JUnitXMLReporter -->
<testsuite ignored="0" hostname="MUSTHAQ-PC" failures="4" tests="4" name="login test case" time="8.51" errors="0" timestamp="2022-06-22T16:21:47 IST">
  <testcase classname="loginTestCases.loginClass" name="loginWithBothCorrect" time="4.131">
    <failure type="java.lang.IllegalArgumentException" message="Keys to send should be a not null CharSequence">
      <![CDATA[java.lang.IllegalArgumentException: Keys to send should be a not null CharSequence
at org.openqa.selenium.remote.RemoteWebElement.sendKeys(RemoteWebElement.java:98)
at loginTestCases.loginClass.loginWithBothCorrect(loginClass.java:84)
at java.base/java.util.ArrayList.forEach(ArrayList.java:1511)
... Removed 27 stack frames]]>
    </failure>
  </testcase> <!-- loginWithBothCorrect -->
  <testcase classname="loginTestCases.loginClass" name="loginWithBothCorrect" time="0.54">
    <failure type="java.lang.IllegalArgumentException" message="Keys to send should be a not null CharSequence">
      <![CDATA[java.lang.IllegalArgumentException: Keys to send should be a not null CharSequence
at org.openqa.selenium.remote.RemoteWebElement.sendKeys(RemoteWebElement.java:98)
at loginTestCases.loginClass.loginWithBothCorrect(loginClass.java:84)
at java.base/java.util.ArrayList.forEach(ArrayList.java:1511)
... Removed 27 stack frames]]>
    </failure>
  </testcase> <!-- loginWithBothCorrect -->
  <testcase classname="loginTestCases.loginClass" name="loginWithBothCorrect" time="0.53">
    <failure type="java.lang.IllegalArgumentException" message="Keys to send should be a not null CharSequence">
      <![CDATA[java.lang.IllegalArgumentException: Keys to send should be a not null CharSequence
at org.openqa.selenium.remote.RemoteWebElement.sendKeys(RemoteWebElement.java:98)
at loginTestCases.loginClass.loginWithBothCorrect(loginClass.java:84)
at java.base/java.util.ArrayList.forEach(ArrayList.java:1511)
... Removed 27 stack frames]]>
    </failure>
  </testcase> <!-- loginWithBothCorrect -->
  <testcase classname="loginTestCases.loginClass" name="loginWithBothCorrect" time="0.453">
    <failure type="java.lang.IllegalArgumentException" message="Keys to send should be a not null CharSequence">
      <![CDATA[java.lang.IllegalArgumentException: Keys to send should be a not null CharSequence
at org.openqa.selenium.remote.RemoteWebElement.sendKeys(RemoteWebElement.java:98)
at loginTestCases.loginClass.loginWithBothCorrect(loginClass.java:84)
at java.base/java.util.ArrayList.forEach(ArrayList.java:1511)
... Removed 27 stack frames]]>
    </failure>
  </testcase> <!-- loginWithBothCorrect -->
</testsuite> <!-- login test case -->
