<?xml version="1.0" encoding="UTF-8"?>
<!-- Generated by org.testng.reporters.JUnitXMLReporter -->
<testsuite ignored="0" hostname="MUSTHAQ-PC" failures="0" tests="4" name="Login testcases" time="46.772" errors="0" timestamp="2022-06-20T13:08:05 IST">
  <testcase classname="loginTestCases.CorrectPassword" name="loginWithCorrectPassword" time="11.505"/>
  <testcase classname="loginTestCases.CorrectUsername" name="loginWithCorrectUsername" time="9.774"/>
  <testcase classname="loginTestCases.BothCorrect" name="loginWithBothCorrect" time="15.948"/>
  <testcase classname="loginTestCases.BothIncorrect" name="loginWithBothIncorrect" time="9.5"/>
</testsuite> <!-- Login testcases -->
